{"Type": "INFO", "Date": "2020-07-08 16:11:59,755", "Details": {"PathName": "E:\GitHub\Hospital-smart-bracelet\ServerDjango\apps\Util_apps\Decoradores.py", "File": "Decoradores.py", "Function": "wrapper", "Line": "42", "Module": "Decoradores", "Name": "root", "Thread_number": "17744", "Thread_name": "MainThread", "Process_number": "2732", "Process_name": "MainProcess" }, "Message": "Se ha lanzado un nuevo hilo usando el decorador con nombre: 'hilo request'."}
{"Type": "DEBUG", "Date": "2020-07-08 16:11:59,761", "Details": {"PathName": "D:\Virtual Machine Python\django\venv\lib\site-packages\urllib3\connectionpool.py", "File": "connectionpool.py", "Function": "_new_conn", "Line": "941", "Module": "connectionpool", "Name": "urllib3.connectionpool", "Thread_number": "15764", "Thread_name": "hilo request", "Process_number": "2732", "Process_name": "MainProcess" }, "Message": "Starting new HTTPS connection (1): randomuser.me:443"}
{"Type": "DEBUG", "Date": "2020-07-08 16:12:00,526", "Details": {"PathName": "D:\Virtual Machine Python\django\venv\lib\site-packages\urllib3\connectionpool.py", "File": "connectionpool.py", "Function": "_make_request", "Line": "442", "Module": "connectionpool", "Name": "urllib3.connectionpool", "Thread_number": "15764", "Thread_name": "hilo request", "Process_number": "2732", "Process_name": "MainProcess" }, "Message": "https://randomuser.me:443 "GET /api HTTP/1.1" 200 None"}
{"Type": "INFO", "Date": "2020-07-08 16:12:00,529", "Details": {"PathName": "E:/GitHub/Hospital-smart-bracelet/ServerDjango/apps/baliza/test/test_logging3.py", "File": "test_logging3.py", "Function": "funcion_si_respuesta_es_correcta", "Line": "6", "Module": "test_logging3", "Name": "root", "Thread_number": "15764", "Thread_name": "hilo request", "Process_number": "2732", "Process_name": "MainProcess" }, "Message": "{'results': [{'gender': 'female', 'name': {'title': 'Ms', 'first': 'Peyton', 'last': 'Robinson'}, 'location': {'street': {'number': 4166, 'name': 'Titahi Bay Road'}, 'city': 'Rotorua', 'state': 'Tasman', 'country': 'New Zealand', 'postcode': 76658, 'coordinates': {'latitude': '66.4318', 'longitude': '167.6545'}, 'timezone': {'offset': '+1:00', 'description': 'Brussels, Copenhagen, Madrid, Paris'}}, 'email': 'peyton.robinson@example.com', 'login': {'uuid': 'c9e76ebc-bd4d-4e9e-9496-c5645381c944', 'username': 'happypeacock393', 'password': 'matteo', 'salt': '1r13M6tp', 'md5': 'e413cc54e8c5fa21e4af1b769bca40aa', 'sha1': '436a6b059c68a9097810d9ddc6799b81cac33696', 'sha256': 'ea508e5b4169aadcfb28b95851999c80eb139f82c3860a8eb70f3d6217503b36'}, 'dob': {'date': '1965-01-21T04:02:12.602Z', 'age': 55}, 'registered': {'date': '2006-09-04T11:32:48.103Z', 'age': 14}, 'phone': '(250)-762-2860', 'cell': '(311)-473-2706', 'id': {'name': '', 'value': None}, 'picture': {'large': 'https://randomuser.me/api/portraits/women/34.jpg', 'medium': 'https://randomuser.me/api/portraits/med/women/34.jpg', 'thumbnail': 'https://randomuser.me/api/portraits/thumb/women/34.jpg'}, 'nat': 'NZ'}], 'info': {'seed': '27a171b4ab7a6353', 'results': 1, 'page': 1, 'version': '1.3'}}"}
{"Type": "INFO", "Date": "2020-07-09 15:20:13,170", "Details": {"PathName": "E:\GitHub\Hospital-smart-bracelet\ServerDjango\apps\Util_apps\Decoradores.py", "File": "Decoradores.py", "Function": "wrapper", "Line": "70", "Module": "Decoradores", "Name": "root", "Thread_number": "8892", "Thread_name": "MainThread", "Process_number": "3156", "Process_name": "MainProcess" }, "Message": "Se ha lanzado un nuevo hilo con timer usando el decorador."}
{"Type": "INFO", "Date": "2020-07-09 15:20:18,171", "Details": {"PathName": "E:/GitHub/Hospital-smart-bracelet/ServerDjango/apps/baliza/test/test_logging3.py", "File": "test_logging3.py", "Function": "callback", "Line": "7", "Module": "test_logging3", "Name": "root", "Thread_number": "13776", "Thread_name": "Thread-1", "Process_number": "3156", "Process_name": "MainProcess" }, "Message": "probando"}
{"Type": "INFO", "Date": "2020-07-09 15:20:37,159", "Details": {"PathName": "E:\GitHub\Hospital-smart-bracelet\ServerDjango\apps\Util_apps\Decoradores.py", "File": "Decoradores.py", "Function": "wrapper", "Line": "70", "Module": "Decoradores", "Name": "root", "Thread_number": "8620", "Thread_name": "MainThread", "Process_number": "14296", "Process_name": "MainProcess" }, "Message": "Se ha lanzado un nuevo hilo con timer usando el decorador."}
{"Type": "INFO", "Date": "2020-07-09 15:50:48,749", "Details": {"PathName": "E:\GitHub\Hospital-smart-bracelet\ServerDjango\apps\Util_apps\Decoradores.py", "File": "Decoradores.py", "Function": "wrapper", "Line": "70", "Module": "Decoradores", "Name": "root", "Thread_number": "15260", "Thread_name": "MainThread", "Process_number": "15256", "Process_name": "MainProcess" }, "Message": "Se ha lanzado un nuevo hilo con timer usando el decorador."}
{"Type": "INFO", "Date": "2020-07-09 15:51:30,631", "Details": {"PathName": "E:\GitHub\Hospital-smart-bracelet\ServerDjango\apps\Util_apps\Decoradores.py", "File": "Decoradores.py", "Function": "wrapper", "Line": "70", "Module": "Decoradores", "Name": "root", "Thread_number": "13636", "Thread_name": "MainThread", "Process_number": "9636", "Process_name": "MainProcess" }, "Message": "Se ha lanzado un nuevo hilo con timer usando el decorador."}
{"Type": "INFO", "Date": "2020-08-19 08:04:17,850", "Details": {"PathName": "D:\GitHub\FCV\SenInt-ultracongeladores\server_django\venv\lib\site-packages\django\utils\autoreload.py", "File": "autoreload.py", "Function": "trigger_reload", "Line": "222", "Module": "autoreload", "Name": "django.utils.autoreload", "Thread_number": "14724", "Thread_name": "MainThread", "Process_number": "14544", "Process_name": "MainProcess" }, "Message": "D:\GitHub\FCV\Hospital-smart-bracelet\ServerDjango\apps\baliza\views\sede\forms.py changed, reloading."}
{"Type": "INFO", "Date": "2020-08-19 08:05:27,662", "Details": {"PathName": "D:\GitHub\FCV\SenInt-ultracongeladores\server_django\venv\lib\site-packages\django\utils\autoreload.py", "File": "autoreload.py", "Function": "trigger_reload", "Line": "222", "Module": "autoreload", "Name": "django.utils.autoreload", "Thread_number": "18192", "Thread_name": "MainThread", "Process_number": "17780", "Process_name": "MainProcess" }, "Message": "D:\GitHub\FCV\Hospital-smart-bracelet\ServerDjango\authentication\settings.py changed, reloading."}
{"Type": "INFO", "Date": "2020-08-19 08:05:35,117", "Details": {"PathName": "D:\GitHub\FCV\SenInt-ultracongeladores\server_django\venv\lib\site-packages\django\utils\autoreload.py", "File": "autoreload.py", "Function": "trigger_reload", "Line": "222", "Module": "autoreload", "Name": "django.utils.autoreload", "Thread_number": "16876", "Thread_name": "MainThread", "Process_number": "11128", "Process_name": "MainProcess" }, "Message": "D:\GitHub\FCV\Hospital-smart-bracelet\ServerDjango\authentication\settings.py changed, reloading."}
{"Type": "INFO", "Date": "2020-08-19 08:05:41,436", "Details": {"PathName": "D:\GitHub\FCV\SenInt-ultracongeladores\server_django\venv\lib\site-packages\django\utils\autoreload.py", "File": "autoreload.py", "Function": "trigger_reload", "Line": "222", "Module": "autoreload", "Name": "django.utils.autoreload", "Thread_number": "13804", "Thread_name": "MainThread", "Process_number": "15052", "Process_name": "MainProcess" }, "Message": "D:\GitHub\FCV\Hospital-smart-bracelet\ServerDjango\authentication\settings.py changed, reloading."}
{"Type": "INFO", "Date": "2020-08-19 08:06:40,762", "Details": {"PathName": "D:\GitHub\FCV\SenInt-ultracongeladores\server_django\venv\lib\site-packages\django\utils\autoreload.py", "File": "autoreload.py", "Function": "trigger_reload", "Line": "222", "Module": "autoreload", "Name": "django.utils.autoreload", "Thread_number": "10348", "Thread_name": "MainThread", "Process_number": "2652", "Process_name": "MainProcess" }, "Message": "D:\GitHub\FCV\Hospital-smart-bracelet\ServerDjango\apps\baliza\views\sede\forms.py changed, reloading."}
{"Type": "ERROR", "Date": "2020-08-19 08:08:43,263", "Details": {"PathName": "D:\GitHub\FCV\SenInt-ultracongeladores\server_django\venv\lib\site-packages\django\utils\log.py", "File": "log.py", "Function": "log_response", "Line": "228", "Module": "log", "Name": "django.request", "Thread_number": "7240", "Thread_name": "Thread-1", "Process_number": "16688", "Process_name": "MainProcess" }, "Message": "Internal Server Error: /hospitalsmartbracelet/GraficarPiso/"}
Traceback (most recent call last):
  File "D:\GitHub\FCV\SenInt-ultracongeladores\server_django\venv\lib\site-packages\django\utils\datastructures.py", line 76, in __getitem__
    list_ = super().__getitem__(key)
KeyError: 'id'

During handling of the above exception, another exception occurred:

Traceback (most recent call last):
  File "D:\GitHub\FCV\SenInt-ultracongeladores\server_django\venv\lib\site-packages\django\core\handlers\exception.py", line 34, in inner
    response = get_response(request)
  File "D:\GitHub\FCV\SenInt-ultracongeladores\server_django\venv\lib\site-packages\django\core\handlers\base.py", line 115, in _get_response
    response = self.process_exception_by_middleware(e, request)
  File "D:\GitHub\FCV\SenInt-ultracongeladores\server_django\venv\lib\site-packages\django\core\handlers\base.py", line 113, in _get_response
    response = wrapped_callback(request, *callback_args, **callback_kwargs)
  File "D:\GitHub\FCV\SenInt-ultracongeladores\server_django\venv\lib\site-packages\django\views\generic\base.py", line 71, in view
    return self.dispatch(request, *args, **kwargs)
  File "D:\GitHub\FCV\SenInt-ultracongeladores\server_django\venv\lib\site-packages\django\utils\decorators.py", line 43, in _wrapper
    return bound_method(*args, **kwargs)
  File "D:\GitHub\FCV\SenInt-ultracongeladores\server_django\venv\lib\site-packages\django\contrib\auth\decorators.py", line 21, in _wrapped_view
    return view_func(request, *args, **kwargs)
  File "D:\GitHub\FCV\SenInt-ultracongeladores\server_django\venv\lib\site-packages\django\views\generic\base.py", line 97, in dispatch
    return handler(request, *args, **kwargs)
  File "D:\GitHub\FCV\SenInt-ultracongeladores\server_django\venv\lib\site-packages\django\views\generic\base.py", line 158, in get
    context = self.get_context_data(**kwargs)
  File "D:\GitHub\FCV\Hospital-smart-bracelet\ServerDjango\apps\baliza\views\server\views.py", line 42, in get_context_data
    id = int(datos['id'])
  File "D:\GitHub\FCV\SenInt-ultracongeladores\server_django\venv\lib\site-packages\django\utils\datastructures.py", line 78, in __getitem__
    raise MultiValueDictKeyError(key)
django.utils.datastructures.MultiValueDictKeyError: 'id'
{"Type": "WARNING", "Date": "2020-08-19 08:08:43,844", "Details": {"PathName": "D:\GitHub\FCV\SenInt-ultracongeladores\server_django\venv\lib\site-packages\django\utils\log.py", "File": "log.py", "Function": "log_response", "Line": "228", "Module": "log", "Name": "django.request", "Thread_number": "7240", "Thread_name": "Thread-1", "Process_number": "16688", "Process_name": "MainProcess" }, "Message": "Not Found: /favicon.ico"}
{"Type": "WARNING", "Date": "2020-08-19 08:08:48,830", "Details": {"PathName": "D:\GitHub\FCV\SenInt-ultracongeladores\server_django\venv\lib\site-packages\django\utils\log.py", "File": "log.py", "Function": "log_response", "Line": "228", "Module": "log", "Name": "django.request", "Thread_number": "7240", "Thread_name": "Thread-1", "Process_number": "16688", "Process_name": "MainProcess" }, "Message": "Not Found: /hospitalsmartbracelet"}
{"Type": "WARNING", "Date": "2020-08-19 08:08:56,955", "Details": {"PathName": "D:\GitHub\FCV\SenInt-ultracongeladores\server_django\venv\lib\site-packages\django\utils\log.py", "File": "log.py", "Function": "log_response", "Line": "228", "Module": "log", "Name": "django.request", "Thread_number": "7240", "Thread_name": "Thread-1", "Process_number": "16688", "Process_name": "MainProcess" }, "Message": "Not Found: /hospitalsmartbracelet/"}
{"Type": "WARNING", "Date": "2020-08-19 08:10:43,100", "Details": {"PathName": "D:\GitHub\FCV\SenInt-ultracongeladores\server_django\venv\lib\site-packages\django\utils\log.py", "File": "log.py", "Function": "log_response", "Line": "228", "Module": "log", "Name": "django.request", "Thread_number": "10284", "Thread_name": "Thread-5", "Process_number": "16688", "Process_name": "MainProcess" }, "Message": "Not Found: /favicon.ico"}
